{"total": {"lines":{"total":789,"covered":268,"skipped":0,"pct":33.96},"statements":{"total":862,"covered":279,"skipped":0,"pct":32.36},"functions":{"total":65,"covered":24,"skipped":0,"pct":36.92},"branches":{"total":562,"covered":153,"skipped":0,"pct":27.22},"branchesTrue":{"total":0,"covered":0,"skipped":0,"pct":100}}
,"C:\\Users\\baloy_at1tft9\\Desktop\\codacaine\\Digital-Logbook\\services\\project-service\\src\\config.js": {"lines":{"total":1,"covered":0,"skipped":0,"pct":0},"functions":{"total":0,"covered":0,"skipped":0,"pct":100},"statements":{"total":1,"covered":0,"skipped":0,"pct":0},"branches":{"total":0,"covered":0,"skipped":0,"pct":100}}
,"C:\\Users\\baloy_at1tft9\\Desktop\\codacaine\\Digital-Logbook\\services\\project-service\\src\\index.js": {"lines":{"total":30,"covered":0,"skipped":0,"pct":0},"functions":{"total":4,"covered":0,"skipped":0,"pct":0},"statements":{"total":31,"covered":0,"skipped":0,"pct":0},"branches":{"total":10,"covered":0,"skipped":0,"pct":0}}
,"C:\\Users\\baloy_at1tft9\\Desktop\\codacaine\\Digital-Logbook\\services\\project-service\\src\\supabase.js": {"lines":{"total":10,"covered":0,"skipped":0,"pct":0},"functions":{"total":0,"covered":0,"skipped":0,"pct":100},"statements":{"total":10,"covered":0,"skipped":0,"pct":0},"branches":{"total":16,"covered":0,"skipped":0,"pct":0}}
,"C:\\Users\\baloy_at1tft9\\Desktop\\codacaine\\Digital-Logbook\\services\\project-service\\src\\Routes\\activity.js": {"lines":{"total":20,"covered":0,"skipped":0,"pct":0},"functions":{"total":1,"covered":0,"skipped":0,"pct":0},"statements":{"total":21,"covered":0,"skipped":0,"pct":0},"branches":{"total":13,"covered":0,"skipped":0,"pct":0}}
,"C:\\Users\\baloy_at1tft9\\Desktop\\codacaine\\Digital-Logbook\\services\\project-service\\src\\Routes\\ai.js": {"lines":{"total":14,"covered":0,"skipped":0,"pct":0},"functions":{"total":1,"covered":0,"skipped":0,"pct":0},"statements":{"total":14,"covered":0,"skipped":0,"pct":0},"branches":{"total":8,"covered":0,"skipped":0,"pct":0}}
,"C:\\Users\\baloy_at1tft9\\Desktop\\codacaine\\Digital-Logbook\\services\\project-service\\src\\Routes\\archive.js": {"lines":{"total":47,"covered":0,"skipped":0,"pct":0},"functions":{"total":1,"covered":0,"skipped":0,"pct":0},"statements":{"total":52,"covered":0,"skipped":0,"pct":0},"branches":{"total":40,"covered":0,"skipped":0,"pct":0}}
,"C:\\Users\\baloy_at1tft9\\Desktop\\codacaine\\Digital-Logbook\\services\\project-service\\src\\Routes\\entries.js": {"lines":{"total":68,"covered":0,"skipped":0,"pct":0},"functions":{"total":2,"covered":0,"skipped":0,"pct":0},"statements":{"total":73,"covered":0,"skipped":0,"pct":0},"branches":{"total":55,"covered":0,"skipped":0,"pct":0}}
,"C:\\Users\\baloy_at1tft9\\Desktop\\codacaine\\Digital-Logbook\\services\\project-service\\src\\Routes\\field.js": {"lines":{"total":33,"covered":0,"skipped":0,"pct":0},"functions":{"total":1,"covered":0,"skipped":0,"pct":0},"statements":{"total":37,"covered":0,"skipped":0,"pct":0},"branches":{"total":27,"covered":0,"skipped":0,"pct":0}}
,"C:\\Users\\baloy_at1tft9\\Desktop\\codacaine\\Digital-Logbook\\services\\project-service\\src\\Routes\\priority.js": {"lines":{"total":23,"covered":0,"skipped":0,"pct":0},"functions":{"total":1,"covered":0,"skipped":0,"pct":0},"statements":{"total":25,"covered":0,"skipped":0,"pct":0},"branches":{"total":17,"covered":0,"skipped":0,"pct":0}}
,"C:\\Users\\baloy_at1tft9\\Desktop\\codacaine\\Digital-Logbook\\services\\project-service\\src\\Routes\\project.js": {"lines":{"total":39,"covered":0,"skipped":0,"pct":0},"functions":{"total":1,"covered":0,"skipped":0,"pct":0},"statements":{"total":43,"covered":0,"skipped":0,"pct":0},"branches":{"total":32,"covered":0,"skipped":0,"pct":0}}
,"C:\\Users\\baloy_at1tft9\\Desktop\\codacaine\\Digital-Logbook\\services\\project-service\\src\\functions\\activityLog.js": {"lines":{"total":16,"covered":0,"skipped":0,"pct":0},"functions":{"total":2,"covered":0,"skipped":0,"pct":0},"statements":{"total":18,"covered":0,"skipped":0,"pct":0},"branches":{"total":12,"covered":0,"skipped":0,"pct":0}}
,"C:\\Users\\baloy_at1tft9\\Desktop\\codacaine\\Digital-Logbook\\services\\project-service\\src\\functions\\ai.js": {"lines":{"total":133,"covered":0,"skipped":0,"pct":0},"functions":{"total":18,"covered":0,"skipped":0,"pct":0},"statements":{"total":136,"covered":0,"skipped":0,"pct":0},"branches":{"total":81,"covered":0,"skipped":0,"pct":0}}
,"C:\\Users\\baloy_at1tft9\\Desktop\\codacaine\\Digital-Logbook\\services\\project-service\\src\\functions\\archives.js": {"lines":{"total":52,"covered":32,"skipped":0,"pct":61.53},"functions":{"total":6,"covered":4,"skipped":0,"pct":66.66},"statements":{"total":64,"covered":36,"skipped":0,"pct":56.25},"branches":{"total":28,"covered":12,"skipped":0,"pct":42.85}}
,"C:\\Users\\baloy_at1tft9\\Desktop\\codacaine\\Digital-Logbook\\services\\project-service\\src\\functions\\entries.js": {"lines":{"total":160,"covered":136,"skipped":0,"pct":85},"functions":{"total":15,"covered":12,"skipped":0,"pct":80},"statements":{"total":183,"covered":142,"skipped":0,"pct":77.59},"branches":{"total":138,"covered":95,"skipped":0,"pct":68.84}}
,"C:\\Users\\baloy_at1tft9\\Desktop\\codacaine\\Digital-Logbook\\services\\project-service\\src\\functions\\field.js": {"lines":{"total":29,"covered":29,"skipped":0,"pct":100},"functions":{"total":3,"covered":3,"skipped":0,"pct":100},"statements":{"total":32,"covered":29,"skipped":0,"pct":90.62},"branches":{"total":16,"covered":13,"skipped":0,"pct":81.25}}
,"C:\\Users\\baloy_at1tft9\\Desktop\\codacaine\\Digital-Logbook\\services\\project-service\\src\\functions\\priority.js": {"lines":{"total":46,"covered":22,"skipped":0,"pct":47.82},"functions":{"total":4,"covered":1,"skipped":0,"pct":25},"statements":{"total":50,"covered":23,"skipped":0,"pct":46},"branches":{"total":21,"covered":10,"skipped":0,"pct":47.61}}
,"C:\\Users\\baloy_at1tft9\\Desktop\\codacaine\\Digital-Logbook\\services\\project-service\\src\\functions\\project.js": {"lines":{"total":49,"covered":49,"skipped":0,"pct":100},"functions":{"total":4,"covered":4,"skipped":0,"pct":100},"statements":{"total":53,"covered":49,"skipped":0,"pct":92.45},"branches":{"total":28,"covered":23,"skipped":0,"pct":82.14}}
,"C:\\Users\\baloy_at1tft9\\Desktop\\codacaine\\Digital-Logbook\\services\\project-service\\src\\middleware\\auth.js": {"lines":{"total":19,"covered":0,"skipped":0,"pct":0},"functions":{"total":1,"covered":0,"skipped":0,"pct":0},"statements":{"total":19,"covered":0,"skipped":0,"pct":0},"branches":{"total":20,"covered":0,"skipped":0,"pct":0}}
}
