{"total": {"lines":{"total":485,"covered":345,"skipped":0,"pct":71.13},"statements":{"total":536,"covered":362,"skipped":0,"pct":67.53},"functions":{"total":52,"covered":34,"skipped":0,"pct":65.38},"branches":{"total":324,"covered":192,"skipped":0,"pct":59.25},"branchesTrue":{"total":0,"covered":0,"skipped":0,"pct":"Unknown"}}
,"C:\\Users\\baloy_at1tft9\\Desktop\\codacaine\\Digital-Logbook\\services\\project-service\\src\\functions\\activityLog.js": {"lines":{"total":16,"covered":14,"skipped":0,"pct":87.5},"functions":{"total":2,"covered":2,"skipped":0,"pct":100},"statements":{"total":18,"covered":15,"skipped":0,"pct":83.33},"branches":{"total":12,"covered":9,"skipped":0,"pct":75}}
,"C:\\Users\\baloy_at1tft9\\Desktop\\codacaine\\Digital-Logbook\\services\\project-service\\src\\functions\\ai.js": {"lines":{"total":133,"covered":0,"skipped":0,"pct":0},"functions":{"total":18,"covered":0,"skipped":0,"pct":0},"statements":{"total":136,"covered":0,"skipped":0,"pct":0},"branches":{"total":81,"covered":0,"skipped":0,"pct":0}}
,"C:\\Users\\baloy_at1tft9\\Desktop\\codacaine\\Digital-Logbook\\services\\project-service\\src\\functions\\archives.js": {"lines":{"total":52,"covered":52,"skipped":0,"pct":100},"functions":{"total":6,"covered":6,"skipped":0,"pct":100},"statements":{"total":64,"covered":58,"skipped":0,"pct":90.62},"branches":{"total":28,"covered":22,"skipped":0,"pct":78.57}}
,"C:\\Users\\baloy_at1tft9\\Desktop\\codacaine\\Digital-Logbook\\services\\project-service\\src\\functions\\entries.js": {"lines":{"total":160,"covered":157,"skipped":0,"pct":98.12},"functions":{"total":15,"covered":15,"skipped":0,"pct":100},"statements":{"total":183,"covered":164,"skipped":0,"pct":89.61},"branches":{"total":138,"covered":107,"skipped":0,"pct":77.53}}
,"C:\\Users\\baloy_at1tft9\\Desktop\\codacaine\\Digital-Logbook\\services\\project-service\\src\\functions\\field.js": {"lines":{"total":29,"covered":29,"skipped":0,"pct":100},"functions":{"total":3,"covered":3,"skipped":0,"pct":100},"statements":{"total":32,"covered":29,"skipped":0,"pct":90.62},"branches":{"total":16,"covered":13,"skipped":0,"pct":81.25}}
,"C:\\Users\\baloy_at1tft9\\Desktop\\codacaine\\Digital-Logbook\\services\\project-service\\src\\functions\\priority.js": {"lines":{"total":46,"covered":44,"skipped":0,"pct":95.65},"functions":{"total":4,"covered":4,"skipped":0,"pct":100},"statements":{"total":50,"covered":47,"skipped":0,"pct":94},"branches":{"total":21,"covered":18,"skipped":0,"pct":85.71}}
,"C:\\Users\\baloy_at1tft9\\Desktop\\codacaine\\Digital-Logbook\\services\\project-service\\src\\functions\\project.js": {"lines":{"total":49,"covered":49,"skipped":0,"pct":100},"functions":{"total":4,"covered":4,"skipped":0,"pct":100},"statements":{"total":53,"covered":49,"skipped":0,"pct":92.45},"branches":{"total":28,"covered":23,"skipped":0,"pct":82.14}}
}
