{"total": {"lines":{"total":91,"covered":36,"skipped":0,"pct":39.56},"statements":{"total":96,"covered":36,"skipped":0,"pct":37.5},"functions":{"total":11,"covered":6,"skipped":0,"pct":54.54},"branches":{"total":47,"covered":8,"skipped":0,"pct":17.02},"branchesTrue":{"total":0,"covered":0,"skipped":0,"pct":100}}
,"C:\\Users\\baloy_at1tft9\\Desktop\\codacaine\\Digital-Logbook\\services\\dashboard-service\\src\\index.js": {"lines":{"total":24,"covered":0,"skipped":0,"pct":0},"functions":{"total":4,"covered":0,"skipped":0,"pct":0},"statements":{"total":25,"covered":0,"skipped":0,"pct":0},"branches":{"total":10,"covered":0,"skipped":0,"pct":0}}
,"C:\\Users\\baloy_at1tft9\\Desktop\\codacaine\\Digital-Logbook\\services\\dashboard-service\\src\\supabase.js": {"lines":{"total":5,"covered":0,"skipped":0,"pct":0},"functions":{"total":0,"covered":0,"skipped":0,"pct":100},"statements":{"total":5,"covered":0,"skipped":0,"pct":0},"branches":{"total":10,"covered":0,"skipped":0,"pct":0}}
,"C:\\Users\\baloy_at1tft9\\Desktop\\codacaine\\Digital-Logbook\\services\\dashboard-service\\src\\Routes\\search.js": {"lines":{"total":26,"covered":0,"skipped":0,"pct":0},"functions":{"total":1,"covered":0,"skipped":0,"pct":0},"statements":{"total":30,"covered":0,"skipped":0,"pct":0},"branches":{"total":19,"covered":0,"skipped":0,"pct":0}}
,"C:\\Users\\baloy_at1tft9\\Desktop\\codacaine\\Digital-Logbook\\services\\dashboard-service\\src\\functions\\search.js": {"lines":{"total":36,"covered":36,"skipped":0,"pct":100},"functions":{"total":6,"covered":6,"skipped":0,"pct":100},"statements":{"total":36,"covered":36,"skipped":0,"pct":100},"branches":{"total":8,"covered":8,"skipped":0,"pct":100}}
}
