{"total": {"lines":{"total":70,"covered":60,"skipped":0,"pct":85.71},"statements":{"total":80,"covered":66,"skipped":0,"pct":82.5},"functions":{"total":7,"covered":7,"skipped":0,"pct":100},"branches":{"total":42,"covered":30,"skipped":0,"pct":71.42},"branchesTrue":{"total":0,"covered":0,"skipped":0,"pct":"Unknown"}}
,"C:\\Users\\baloy_at1tft9\\Desktop\\codacaine\\Digital-Logbook\\services\\profile-service\\src\\functions\\login.js": {"lines":{"total":11,"covered":7,"skipped":0,"pct":63.63},"functions":{"total":1,"covered":1,"skipped":0,"pct":100},"statements":{"total":11,"covered":7,"skipped":0,"pct":63.63},"branches":{"total":6,"covered":4,"skipped":0,"pct":66.66}}
,"C:\\Users\\baloy_at1tft9\\Desktop\\codacaine\\Digital-Logbook\\services\\profile-service\\src\\functions\\profile.js": {"lines":{"total":59,"covered":53,"skipped":0,"pct":89.83},"functions":{"total":6,"covered":6,"skipped":0,"pct":100},"statements":{"total":69,"covered":59,"skipped":0,"pct":85.5},"branches":{"total":36,"covered":26,"skipped":0,"pct":72.22}}
}
