{"total": {"lines":{"total":72,"covered":50,"skipped":0,"pct":69.44},"statements":{"total":83,"covered":54,"skipped":0,"pct":65.06},"functions":{"total":7,"covered":7,"skipped":0,"pct":100},"branches":{"total":42,"covered":22,"skipped":0,"pct":52.38},"branchesTrue":{"total":0,"covered":0,"skipped":0,"pct":"Unknown"}}
,"C:\\Users\\baloy_at1tft9\\Desktop\\codacaine\\Digital-Logbook\\services\\profile-service\\src\\functions\\login.js": {"lines":{"total":11,"covered":7,"skipped":0,"pct":63.63},"functions":{"total":1,"covered":1,"skipped":0,"pct":100},"statements":{"total":11,"covered":7,"skipped":0,"pct":63.63},"branches":{"total":4,"covered":3,"skipped":0,"pct":75}}
,"C:\\Users\\baloy_at1tft9\\Desktop\\codacaine\\Digital-Logbook\\services\\profile-service\\src\\functions\\profile.js": {"lines":{"total":61,"covered":43,"skipped":0,"pct":70.49},"functions":{"total":6,"covered":6,"skipped":0,"pct":100},"statements":{"total":72,"covered":47,"skipped":0,"pct":65.27},"branches":{"total":38,"covered":19,"skipped":0,"pct":50}}
}
